[31merror[39m: [31mError on POST .../add failed: TypeError: Cannot read property 'id' of undefined[39m {"timestamp":"2021-01-14 23:28:09"}
[31merror[39m: [31mError on POST .../add failed: TypeError: Cannot read property 'id' of undefined[39m {"timestamp":"2021-01-14 23:28:52"}
[31merror[39m: [31mError on POST .../delete failed: ReferenceError: returnSavedResponse is not defined[39m {"timestamp":"2021-01-15 16:57:08"}
[31merror[39m: [31mError on POST .../delete failed: ReferenceError: returnSavedResponse is not defined[39m {"timestamp":"2021-01-15 17:08:27"}
[31merror[39m: [31mError on GET .../all failed: SequelizeDatabaseError: Unknown column '"StreamName"' in 'field list'[39m {"timestamp":"2021-01-17 16:01:14"}
[31merror[39m: [31mError on GET .../all failed: SequelizeDatabaseError: Unknown column '"StreamName"' in 'field list'[39m {"timestamp":"2021-01-17 16:01:25"}
[31merror[39m: [31mError on GET .../all failed: SequelizeDatabaseError: Unknown column '"SubjectName"' in 'field list'[39m {"timestamp":"2021-01-17 16:09:08"}
[31merror[39m: [31mError on POST .../add failed: TypeError: upload is not a function[39m {"timestamp":"2021-01-17 16:36:18"}
[31merror[39m: [31mError on POST .../add failed: SequelizeValidationError: notNull Violation: Question.image cannot be null[39m {"timestamp":"2021-01-17 16:49:44"}
[31merror[39m: [31mError on POST .../add failed: SequelizeValidationError: notNull Violation: Question.image cannot be null[39m {"timestamp":"2021-01-17 16:51:44"}
[31merror[39m: [31mError on POST .../add failed: SequelizeValidationError: notNull Violation: Question.image cannot be null[39m {"timestamp":"2021-01-17 16:52:34"}
[31merror[39m: [31mError on GET .../all failed: SequelizeConnectionError: connect ETIMEDOUT[39m {"timestamp":"2021-01-17 18:40:38"}
[31merror[39m: [31mError on GET .../all failed: SequelizeConnectionError: connect ETIMEDOUT[39m {"timestamp":"2021-01-17 18:40:38"}
[31merror[39m: [31mError on POST .../add failed: TypeError: Cannot read property 'id' of undefined[39m {"timestamp":"2021-01-17 19:24:55"}
[31merror[39m: [31mError on POST .../add failed: TypeError: Cannot read property 'id' of undefined[39m {"timestamp":"2021-01-17 19:28:16"}
[31merror[39m: [31mError on POST .../add failed: TypeError: Cannot read property 'id' of undefined[39m {"timestamp":"2021-01-17 19:28:58"}
[31merror[39m: [31mError on POST .../add failed: TypeError: Cannot read property 'id' of undefined[39m {"timestamp":"2021-01-17 19:36:23"}
[31merror[39m: [31mPOST .../add failed: no file provided[39m {"timestamp":"2021-01-17 20:08:26"}
[31merror[39m: [31mPOST .../add failed: no file provided[39m {"timestamp":"2021-01-17 20:10:04"}
[31merror[39m: [31mPOST .../add failed: no file provided[39m {"timestamp":"2021-01-17 20:14:39"}
[31merror[39m: [31mPOST .../add failed: no file provided[39m {"timestamp":"2021-01-17 20:14:41"}
[31merror[39m: [31mPOST .../add failed: no file provided[39m {"timestamp":"2021-01-17 20:15:15"}
[31merror[39m: [31mPOST .../add failed: no file provided[39m {"timestamp":"2021-01-17 20:17:25"}
[31merror[39m: [31mPOST .../add failed: no file provided[39m {"timestamp":"2021-01-17 20:19:24"}
[31merror[39m: [31mPOST .../add failed: no file provided[39m {"timestamp":"2021-01-17 20:29:55"}
[31merror[39m: [31mPOST .../add failed: no file provided[39m {"timestamp":"2021-01-17 20:29:56"}
[31merror[39m: [31mError on POST .../add failed: SyntaxError: Unexpected token u in JSON at position 0[39m {"timestamp":"2021-01-17 20:31:45"}
[31merror[39m: [31mError on POST .../add failed: SequelizeValidationError: notNull Violation: Question.image cannot be null[39m {"timestamp":"2021-01-17 20:45:05"}
[31merror[39m: [31mError on GET .../all failed: ReferenceError: setQuestionResponse is not defined[39m {"timestamp":"2021-01-18 09:17:38"}
[31merror[39m: [31mError on GET .../all failed: ReferenceError: setQuestionResponse is not defined[39m {"timestamp":"2021-01-18 09:44:51"}
[31merror[39m: [31mError on GET .../all failed: ReferenceError: setQuestionResponse is not defined[39m {"timestamp":"2021-01-18 09:44:53"}
[31merror[39m: [31mError on GET .../all failed: ReferenceError: setQuestionResponse is not defined[39m {"timestamp":"2021-01-18 09:44:56"}
[31merror[39m: [31mError on POST .../delete failed: ReferenceError: returnSavedResponse is not defined[39m {"timestamp":"2021-01-18 10:28:02"}
[31merror[39m: [31mError on POST .../delete failed: ReferenceError: returnSavedResponse is not defined[39m {"timestamp":"2021-01-18 10:38:00"}
